<?xml version="1.0" encoding="UTF-8"?>
<!-- Generated by org.testng.reporters.JUnitReportReporter -->
<testsuite hostname="LTIN168041" failures="0" tests="1" name="TestCases.TC001" time="17.335" errors="0" timestamp="2024-02-15T15:11:54 IST" skipped="0">
  <testcase classname="TestCases.TC001" name="Test" time="17.335"/>
  <system-out/>
</testsuite> <!-- TestCases.TC001 -->
