<?xml version="1.0" encoding="UTF-8"?>
<!-- Generated by org.testng.reporters.JUnitReportReporter -->
<testsuite hostname="LTIN168041" failures="0" tests="8" name="TestCases.Tc_002_GiftCardPage" time="145.565" errors="0" timestamp="2024-02-17T19:00:29 IST" skipped="0">
  <testcase classname="TestCases.Tc_002_GiftCardPage" name="verify_gift_button" time="2.204"/>
  <system-out/>
  <testcase classname="TestCases.Tc_002_GiftCardPage" name="verify_gift_box" time="20.085"/>
  <system-out/>
  <testcase classname="TestCases.Tc_002_GiftCardPage" name="verify_interested_button" time="23.046"/>
  <system-out/>
  <testcase classname="TestCases.Tc_002_GiftCardPage" name="verify_user_name" time="20.042"/>
  <system-out/>
  <testcase classname="TestCases.Tc_002_GiftCardPage" name="verify_phone_number" time="20.075"/>
  <system-out/>
  <testcase classname="TestCases.Tc_002_GiftCardPage" name="verify_mail" time="20.037"/>
  <system-out/>
  <testcase classname="TestCases.Tc_002_GiftCardPage" name="verify_location" time="20.013"/>
  <system-out/>
  <testcase classname="TestCases.Tc_002_GiftCardPage" name="verify_submit_button" time="20.063"/>
  <system-out/>
</testsuite> <!-- TestCases.Tc_002_GiftCardPage -->
